2021-9-22_9:46: ==============Inicia sesion================
2021-9-22_9:46: ========Usuario: Gustavo========
2021-9-22_9:49: ========ID: 10 - Tipo Medicamento - Alta=======
2021-9-22_9:49: ========Ver todo - Tipo Medicamento=======
2021-9-22_9:50: ========ID: 34 - Tipo Medicamento - Alta=======
2021-9-22_9:50: ========ID: 90 - Tipo Medicamento - Alta=======
2021-9-22_9:50: ========Ver todo - Tipo Medicamento=======
2021-9-22_9:50: ========ID: 62 - Tipo Medicamento - Alta=======
2021-9-22_9:50: ========ID: 97 - Tipo Medicamento - Alta=======
2021-9-22_9:51: ========ID: 37 - Tipo Medicamento - Alta=======
2021-9-22_9:51: ========Ver todo - Tipo Medicamento=======
2021-9-22_9:51: ========ID: 16 - Tipo Medicamento - Alta=======
2021-9-22_9:52: ========Ver todo - Tipo Medicamento=======
2021-9-22_9:53: ========Ver todo - Tipo Medicamento=======
2021-9-22_9:54: ========ID: 10 - Tipo Medicamento - Modificado=======
2021-9-22_9:54: ========Ver todo - Tipo Medicamento=======
2021-9-22_9:54: ========Ver todo - Tipo Medicamento=======
2021-9-22_9:55: ========Ver todo - Tipo Medicamento=======
2021-9-22_9:56: ========ID: 10 - Tipo Medicamento - Modificado=======
2021-9-22_9:56: ========Ver todo - Tipo Medicamento=======
2021-9-22_9:57: ========ID: 90 - Tipo Medicamento - Modificado=======
2021-9-22_9:57: ========Ver todo - Tipo Medicamento=======
2021-9-22_9:58: ========Ver todo - Tipo Medicamento=======
2021-9-22_10:33: ==============Inicia sesion================
2021-9-22_10:33: ========Usuario: Gustavo========
2021-9-22_10:34: ========ID: 15 - Medicamento - Alta=======
2021-9-22_10:34: ========Ver todo - Medicamento=======
2021-9-22_10:35: ========ID: 15 - Medicamento - Baja=======
2021-9-22_10:35: ========Ver todo - Medicamento=======
