2021-9-22_10:0: ==============Inicia sesion================
2021-9-22_10:0: ========Usuario: Josefina========
2021-9-22_10:1: ========ID: 90 - Tipo Medicamento - Modificado=======
2021-9-22_10:1: ========Ver todo - Tipo Medicamento=======
2021-9-22_10:2: ========ID: 92 - Medicamento - Alta=======
2021-9-22_10:2: ========Ver todo - Medicamento=======
2021-9-22_10:3: ========ID: 17 - Medicamento - Alta=======
2021-9-22_10:4: ========ID: 7 - Medicamento - Alta=======
2021-9-22_10:4: ========Ver todo - Medicamento=======
2021-9-22_10:5: ========ID: 67 - Medicamento - Alta=======
2021-9-22_10:6: ========ID: 97 - Medicamento - Alta=======
2021-9-22_10:6: ========Ver todo - Medicamento=======
2021-9-22_10:7: ========ID: 77 - Medicamento - Alta=======
2021-9-22_10:7: ========ID: 79 - Medicamento - Alta=======
2021-9-22_10:8: ========Ver todo - Medicamento=======
2021-9-22_10:9: ========ID: 72 - Medicamento - Alta=======
2021-9-22_10:9: ========ID: 72 - Medicamento - Baja=======
2021-9-22_10:9: ========Ver todo - Medicamento=======
2021-9-22_10:10: ========ID: 37 - Medicamento - Alta=======
2021-9-22_10:10: ========Ver todo - Medicamento=======
2021-9-22_10:12: ========ID: 92 - Medicamento - Modificado=======
2021-9-22_10:12: ========Ver todo - Medicamento=======
2021-9-22_10:14: ========ID: 92 - Medicamento - Modificado=======
2021-9-22_10:14: ========Ver todo - Medicamento=======
2021-9-22_10:15: ========Ver todo - Medicamento=======
2021-9-22_10:18: ========ID: 37 - Medicamento - Modificado=======
2021-9-22_10:18: ========Ver todo - Medicamento=======
2021-9-22_10:19: ========Ver todo - Medicamento=======
2021-9-22_10:20: ========Ver todo - Medicamento=======
2021-9-22_10:23: ==============Inicia sesion================
2021-9-22_10:23: ========Usuario: Josefina========
