2021-9-22_9:43: ==============================
2021-9-22_9:43: ========Inicia Servidor=======
2021-9-22_9:43: ==============================
2021-9-22_9:43: Socket creado. Puerto de escucha: 5000
2021-9-22_9:43: ==============================
2021-9-22_9:46: ==============Inicia sesion================
2021-9-22_9:46: ========Usuario: Gustavo========
2021-9-22_9:49: ========ID: 10 - Tipo Medicamento - Alta=======
2021-9-22_9:49: ========Ver todo - Tipo Medicamento=======
2021-9-22_9:50: ========ID: 34 - Tipo Medicamento - Alta=======
2021-9-22_9:50: ========ID: 90 - Tipo Medicamento - Alta=======
2021-9-22_9:50: ========Ver todo - Tipo Medicamento=======
2021-9-22_9:50: ========ID: 62 - Tipo Medicamento - Alta=======
2021-9-22_9:50: ========ID: 97 - Tipo Medicamento - Alta=======
2021-9-22_9:51: ========ID: 37 - Tipo Medicamento - Alta=======
2021-9-22_9:51: ========Ver todo - Tipo Medicamento=======
2021-9-22_9:51: ========ID: 16 - Tipo Medicamento - Alta=======
2021-9-22_9:52: ========Ver todo - Tipo Medicamento=======
2021-9-22_9:53: ========Ver todo - Tipo Medicamento=======
2021-9-22_9:54: ========ID: 10 - Tipo Medicamento - Modificado=======
2021-9-22_9:54: ========Ver todo - Tipo Medicamento=======
2021-9-22_9:54: ========Ver todo - Tipo Medicamento=======
2021-9-22_9:55: ========Ver todo - Tipo Medicamento=======
2021-9-22_9:56: ========ID: 10 - Tipo Medicamento - Modificado=======
2021-9-22_9:56: ========Ver todo - Tipo Medicamento=======
2021-9-22_9:57: ========ID: 90 - Tipo Medicamento - Modificado=======
2021-9-22_9:57: ========Ver todo - Tipo Medicamento=======
2021-9-22_9:58: ========Ver todo - Tipo Medicamento=======
2021-9-22_10:0: ==============Inicia sesion================
2021-9-22_10:0: ========Usuario: Josefina========
2021-9-22_10:1: ========ID: 90 - Tipo Medicamento - Modificado=======
2021-9-22_10:1: ========Ver todo - Tipo Medicamento=======
2021-9-22_10:2: ========ID: 92 - Medicamento - Alta=======
2021-9-22_10:2: ========Ver todo - Medicamento=======
2021-9-22_10:3: ========ID: 17 - Medicamento - Alta=======
2021-9-22_10:4: ========ID: 7 - Medicamento - Alta=======
2021-9-22_10:4: ========Ver todo - Medicamento=======
2021-9-22_10:5: ========ID: 67 - Medicamento - Alta=======
2021-9-22_10:6: ========ID: 97 - Medicamento - Alta=======
2021-9-22_10:6: ========Ver todo - Medicamento=======
2021-9-22_10:7: ========ID: 77 - Medicamento - Alta=======
2021-9-22_10:7: ========ID: 79 - Medicamento - Alta=======
2021-9-22_10:8: ========Ver todo - Medicamento=======
2021-9-22_10:9: ========ID: 72 - Medicamento - Alta=======
2021-9-22_10:9: ========ID: 72 - Medicamento - Baja=======
2021-9-22_10:9: ========Ver todo - Medicamento=======
2021-9-22_10:10: ========ID: 37 - Medicamento - Alta=======
2021-9-22_10:10: ========Ver todo - Medicamento=======
2021-9-22_10:12: ========ID: 92 - Medicamento - Modificado=======
2021-9-22_10:12: ========Ver todo - Medicamento=======
2021-9-22_10:14: ========ID: 92 - Medicamento - Modificado=======
2021-9-22_10:14: ========Ver todo - Medicamento=======
2021-9-22_10:15: ========Ver todo - Medicamento=======
2021-9-22_10:18: ========ID: 37 - Medicamento - Modificado=======
2021-9-22_10:18: ========Ver todo - Medicamento=======
2021-9-22_10:19: ========Ver todo - Medicamento=======
2021-9-22_10:20: ========Ver todo - Medicamento=======
2021-9-22_10:23: ==============Inicia sesion================
2021-9-22_10:23: ========Usuario: Josefina========
2021-9-22_10:28: ==============================
2021-9-22_10:28: ========Inicia Servidor=======
2021-9-22_10:28: ==============================
2021-9-22_10:28: Socket creado. Puerto de escucha: 5010
2021-9-22_10:28: ==============================
2021-9-22_10:28: ==============Inicia sesion================
2021-9-22_10:28: ========Usuario: Juan_2========
2021-9-22_10:30: ========ID: 79 - Medicamento - Modificado=======
2021-9-22_10:30: ========Ver todo - Medicamento=======
2021-9-22_10:31: ========ID: 19 - Tipo Medicamento - Alta=======
2021-9-22_10:31: ========Ver todo - Tipo Medicamento=======
2021-9-22_10:32: ========ID: 95 - Medicamento - Alta=======
2021-9-22_10:32: ========Ver todo - Medicamento=======
2021-9-22_10:33: ==============Inicia sesion================
2021-9-22_10:33: ========Usuario: Gustavo========
2021-9-22_10:34: ========ID: 15 - Medicamento - Alta=======
2021-9-22_10:34: ========Ver todo - Medicamento=======
2021-9-22_10:35: ========ID: 15 - Medicamento - Baja=======
2021-9-22_10:35: ========Ver todo - Medicamento=======
